{"numFailedTestSuites":0,"numFailedTests":0,"numPassedTestSuites":2,"numPassedTests":12,"numPendingTestSuites":0,"numPendingTests":0,"numRuntimeErrorTestSuites":0,"numTodoTests":0,"numTotalTestSuites":2,"numTotalTests":12,"openHandles":[],"snapshot":{"added":0,"didUpdate":false,"failure":false,"filesAdded":0,"filesRemoved":0,"filesRemovedList":[],"filesUnmatched":0,"filesUpdated":0,"matched":0,"total":0,"unchecked":0,"uncheckedKeysByFile":[],"unmatched":0,"updated":0},"startTime":1748601212889,"success":true,"testResults":[{"assertionResults":[{"ancestorTitles":["ThemeContext"],"failureMessages":[],"fullName":"ThemeContext initializes with \"light\" theme by default if no localStorage or system preference","location":null,"status":"passed","title":"initializes with \"light\" theme by default if no localStorage or system preference"},{"ancestorTitles":["ThemeContext"],"failureMessages":[],"fullName":"ThemeContext initializes with theme from localStorage if available","location":null,"status":"passed","title":"initializes with theme from localStorage if available"},{"ancestorTitles":["ThemeContext"],"failureMessages":[],"fullName":"ThemeContext initializes with system preference \"dark\" if localStorage is not set and prefers-color-scheme is dark","location":null,"status":"passed","title":"initializes with system preference \"dark\" if localStorage is not set and prefers-color-scheme is dark"},{"ancestorTitles":["ThemeContext"],"failureMessages":[],"fullName":"ThemeContext initializes with \"light\" if localStorage is not set and prefers-color-scheme is light","location":null,"status":"passed","title":"initializes with \"light\" if localStorage is not set and prefers-color-scheme is light"},{"ancestorTitles":["ThemeContext"],"failureMessages":[],"fullName":"ThemeContext toggleTheme switches theme from light to dark and updates localStorage and html class","location":null,"status":"passed","title":"toggleTheme switches theme from light to dark and updates localStorage and html class"},{"ancestorTitles":["ThemeContext"],"failureMessages":[],"fullName":"ThemeContext toggleTheme switches theme from dark to light and updates localStorage and html class","location":null,"status":"passed","title":"toggleTheme switches theme from dark to light and updates localStorage and html class"},{"ancestorTitles":["ThemeContext"],"failureMessages":[],"fullName":"ThemeContext theme is applied to html element correctly on initial load (dark)","location":null,"status":"passed","title":"theme is applied to html element correctly on initial load (dark)"},{"ancestorTitles":["ThemeContext"],"failureMessages":[],"fullName":"ThemeContext theme is applied to html element correctly on initial load (light)","location":null,"status":"passed","title":"theme is applied to html element correctly on initial load (light)"}],"endTime":1748601215850,"message":"","name":"/app/src/contexts/ThemeContext.test.js","startTime":1748601214174,"status":"passed","summary":""},{"assertionResults":[{"ancestorTitles":["ThemeToggleButton"],"failureMessages":[],"fullName":"ThemeToggleButton renders correctly and displays moon icon for light theme","location":null,"status":"passed","title":"renders correctly and displays moon icon for light theme"},{"ancestorTitles":["ThemeToggleButton"],"failureMessages":[],"fullName":"ThemeToggleButton renders correctly and displays sun icon for dark theme","location":null,"status":"passed","title":"renders correctly and displays sun icon for dark theme"},{"ancestorTitles":["ThemeToggleButton"],"failureMessages":[],"fullName":"ThemeToggleButton clicking the button calls toggleTheme and changes the icon","location":null,"status":"passed","title":"clicking the button calls toggleTheme and changes the icon"},{"ancestorTitles":["ThemeToggleButton"],"failureMessages":[],"fullName":"ThemeToggleButton button has basic accessibility attributes","location":null,"status":"passed","title":"button has basic accessibility attributes"}],"endTime":1748601215937,"message":"","name":"/app/src/components/ThemeToggleButton.test.js","startTime":1748601214159,"status":"passed","summary":""}],"wasInterrupted":false}